[debug] [2025-01-19T06:41:11.956Z] ----------------------------------------------------------------------
[debug] [2025-01-19T06:41:11.958Z] Command:       /usr/local/bin/node /usr/local/bin/firebase emulators:start --only functions
[debug] [2025-01-19T06:41:11.958Z] CLI Version:   13.29.1
[debug] [2025-01-19T06:41:11.958Z] Platform:      darwin
[debug] [2025-01-19T06:41:11.959Z] Node Version:  v20.17.0
[debug] [2025-01-19T06:41:11.959Z] Time:          Sun Jan 19 2025 01:41:11 GMT-0500 (Eastern Standard Time)
[debug] [2025-01-19T06:41:11.959Z] ----------------------------------------------------------------------
[debug] 
[debug] [2025-01-19T06:41:12.057Z] > command requires scopes: ["email","openid","https://www.googleapis.com/auth/cloudplatformprojects.readonly","https://www.googleapis.com/auth/firebase","https://www.googleapis.com/auth/cloud-platform"]
[debug] [2025-01-19T06:41:12.058Z] > authorizing via signed-in user (som.shrivastava@gmail.com)
[info] i  emulators: Starting emulators: functions {"metadata":{"emulator":{"name":"hub"},"message":"Starting emulators: functions"}}
[debug] [2025-01-19T06:41:13.546Z] [logging] Logging Emulator only supports listening on one address (127.0.0.1). Not listening on ::1
[debug] [2025-01-19T06:41:13.546Z] assigned listening specs for emulators {"user":{"hub":[{"address":"127.0.0.1","family":"IPv4","port":4400},{"address":"::1","family":"IPv6","port":4400}],"ui":[{"address":"127.0.0.1","family":"IPv4","port":4000},{"address":"::1","family":"IPv6","port":4000}],"logging":[{"address":"127.0.0.1","family":"IPv4","port":4500}]},"metadata":{"message":"assigned listening specs for emulators"}}
[debug] [2025-01-19T06:41:13.550Z] [hub] writing locator at /tmp/hub-car2drvr-finhacks.json
[debug] [2025-01-19T06:41:15.022Z] [functions] Functions Emulator only supports listening on one address (127.0.0.1). Not listening on ::1
[debug] [2025-01-19T06:41:15.022Z] [eventarc] Eventarc Emulator only supports listening on one address (127.0.0.1). Not listening on ::1
[debug] [2025-01-19T06:41:15.022Z] [tasks] Cloud Tasks Emulator only supports listening on one address (127.0.0.1). Not listening on ::1
[debug] [2025-01-19T06:41:15.022Z] late-assigned ports for functions and eventarc emulators {"user":{"hub":[{"address":"127.0.0.1","family":"IPv4","port":4400},{"address":"::1","family":"IPv6","port":4400}],"ui":[{"address":"127.0.0.1","family":"IPv4","port":4000},{"address":"::1","family":"IPv6","port":4000}],"logging":[{"address":"127.0.0.1","family":"IPv4","port":4500}],"functions":[{"address":"127.0.0.1","family":"IPv4","port":5001}],"eventarc":[{"address":"127.0.0.1","family":"IPv4","port":9299}],"tasks":[{"address":"127.0.0.1","family":"IPv4","port":9499}]},"metadata":{"message":"late-assigned ports for functions and eventarc emulators"}}
[warn] ⚠  functions: The following emulators are not running, calls to these services from the Functions emulator will affect production: apphosting, auth, firestore, database, hosting, pubsub, storage, dataconnect {"metadata":{"emulator":{"name":"functions"},"message":"The following emulators are not running, calls to these services from the Functions emulator will affect production: \u001b[1mapphosting, auth, firestore, database, hosting, pubsub, storage, dataconnect\u001b[22m"}}
[debug] [2025-01-19T06:41:15.024Z] defaultcredentials: writing to file /Users/ss/.config/firebase/som_shrivastava_gmail.com_application_default_credentials.json
[debug] [2025-01-19T06:41:15.026Z] Setting GAC to /Users/ss/.config/firebase/som_shrivastava_gmail.com_application_default_credentials.json {"metadata":{"emulator":{"name":"functions"},"message":"Setting GAC to /Users/ss/.config/firebase/som_shrivastava_gmail.com_application_default_credentials.json"}}
[debug] [2025-01-19T06:41:15.027Z] Checked if tokens are valid: true, expires at: 1737271145603
[debug] [2025-01-19T06:41:15.027Z] Checked if tokens are valid: true, expires at: 1737271145603
[debug] [2025-01-19T06:41:15.028Z] >>> [apiv2][query] GET https://firebase.googleapis.com/v1beta1/projects/car2drvr-finhacks/adminSdkConfig [none]
[debug] [2025-01-19T06:41:15.480Z] <<< [apiv2][status] GET https://firebase.googleapis.com/v1beta1/projects/car2drvr-finhacks/adminSdkConfig 200
[debug] [2025-01-19T06:41:15.480Z] <<< [apiv2][body] GET https://firebase.googleapis.com/v1beta1/projects/car2drvr-finhacks/adminSdkConfig {"projectId":"car2drvr-finhacks","storageBucket":"car2drvr-finhacks.firebasestorage.app"}
[info] i  functions: Watching "/Users/ss/Documents/GitHub/car2drvr/backend/functions" for Cloud Functions... {"metadata":{"emulator":{"name":"functions"},"message":"Watching \"/Users/ss/Documents/GitHub/car2drvr/backend/functions\" for Cloud Functions..."}}
[debug] [2025-01-19T06:41:15.511Z] Validating nodejs source
[debug] [2025-01-19T06:41:16.099Z] > [functions] package.json contents: {
  "name": "functions",
  "scripts": {
    "build": "tsc",
    "build:watch": "tsc --watch",
    "serve": "npm run build && firebase emulators:start --only functions",
    "shell": "npm run build && firebase functions:shell",
    "start": "npm run shell",
    "deploy": "firebase deploy --only functions",
    "logs": "firebase functions:log"
  },
  "engines": {
    "node": "22"
  },
  "main": "lib/index.js",
  "dependencies": {
    "axios": "^1.7.9",
    "cors": "^2.8.5",
    "dotenv": "^16.4.7",
    "express": "^4.21.2",
    "firebase-admin": "^12.6.0",
    "firebase-functions": "^6.2.0"
  },
  "devDependencies": {
    "firebase-functions-test": "^3.1.0",
    "typescript": "^4.9.0"
  },
  "private": true
}
[debug] [2025-01-19T06:41:16.099Z] Building nodejs source
[debug] [2025-01-19T06:41:16.100Z] Failed to find version of module node: reached end of search path /Users/ss/Documents/GitHub/car2drvr/backend/functions/node_modules
[warn] ⚠  functions: Your requested "node" version "22" doesn't match your global version "20". Using node@20 from host. 
[debug] [2025-01-19T06:41:16.101Z] Could not find functions.yaml. Must use http discovery
[debug] [2025-01-19T06:41:16.105Z] Found firebase-functions binary at '/Users/ss/Documents/GitHub/car2drvr/backend/functions/node_modules/.bin/firebase-functions'
[info] Serving at port 8215

[debug] [2025-01-19T06:41:16.518Z] Got response from /__/functions.yaml {"endpoints":{"api":{"availableMemoryMb":null,"timeoutSeconds":null,"minInstances":null,"maxInstances":null,"ingressSettings":null,"concurrency":null,"serviceAccountEmail":null,"vpc":null,"platform":"gcfv2","labels":{},"httpsTrigger":{},"entryPoint":"api"}},"specVersion":"v1alpha1","requiredAPIs":[],"extensions":{}}
[info] ✔  functions: Loaded functions definitions from source: api. {"metadata":{"emulator":{"name":"functions"},"message":"Loaded functions definitions from source: api."}}
[info] ✔  functions[us-central1-api]: http function initialized (http://127.0.0.1:5001/car2drvr-finhacks/us-central1/api). {"metadata":{"emulator":{"name":"functions"},"message":"\u001b[1mhttp\u001b[22m function initialized (http://127.0.0.1:5001/car2drvr-finhacks/us-central1/api)."}}
[debug] [2025-01-19T06:41:21.551Z] Could not find VSCode notification endpoint: FetchError: request to http://localhost:40001/vscode/notify failed, reason: . If you are not running the Firebase Data Connect VSCode extension, this is expected and not an issue.
[info] 
┌─────────────────────────────────────────────────────────────┐
│ ✔  All emulators ready! It is now safe to connect your app. │
│ i  View Emulator UI at http://127.0.0.1:4000/               │
└─────────────────────────────────────────────────────────────┘

┌───────────┬────────────────┬─────────────────────────────────┐
│ Emulator  │ Host:Port      │ View in Emulator UI             │
├───────────┼────────────────┼─────────────────────────────────┤
│ Functions │ 127.0.0.1:5001 │ http://127.0.0.1:4000/functions │
└───────────┴────────────────┴─────────────────────────────────┘
  Emulator Hub running at 127.0.0.1:4400
  Other reserved ports: 4500

Issues? Report them at https://github.com/firebase/firebase-tools/issues and attach the *-debug.log files.
 
[debug] [2025-01-19T06:41:27.888Z] [work-queue] {"queuedWork":["/car2drvr-finhacks/us-central1/api/get_image-2025-01-19T06:41:27.888Z"],"queueLength":1,"runningWork":[],"workRunningCount":0}
[debug] [2025-01-19T06:41:27.890Z] [work-queue] {"queuedWork":[],"queueLength":0,"runningWork":["/car2drvr-finhacks/us-central1/api/get_image-2025-01-19T06:41:27.888Z"],"workRunningCount":1}
[debug] [2025-01-19T06:41:27.891Z] Accepted request OPTIONS /car2drvr-finhacks/us-central1/api/get_image --> us-central1-api
[debug] [2025-01-19T06:41:27.897Z] [functions] Runtime ready! Sending request! {"metadata":{"emulator":{"name":"functions"},"message":"[functions] Runtime ready! Sending request!"}}
[debug] [2025-01-19T06:41:27.897Z] [functions] Got req.url=/car2drvr-finhacks/us-central1/api/get_image, mapping to path=/get_image {"metadata":{"emulator":{"name":"functions"},"message":"[functions] Got req.url=/car2drvr-finhacks/us-central1/api/get_image, mapping to path=/get_image"}}
[debug] [2025-01-19T06:41:27.901Z] [worker-pool] addWorker(us-central1-api) {"metadata":{"emulator":{"name":"functions"},"message":"[worker-pool] addWorker(us-central1-api)"}}
[debug] [2025-01-19T06:41:27.902Z] [worker-pool] Adding worker with key us-central1-api, total=1 {"metadata":{"emulator":{"name":"functions"},"message":"[worker-pool] Adding worker with key us-central1-api, total=1"}}
[debug] [2025-01-19T06:41:28.749Z] [runtime-status] [58495] Resolved module firebase-admin {"declared":true,"installed":true,"version":"12.7.0","resolution":"/Users/ss/Documents/GitHub/car2drvr/backend/functions/node_modules/firebase-admin/lib/index.js"} {"metadata":{"emulator":{"name":"functions"},"function":{"name":"us-central1-api"},"extension":{},"message":"[runtime-status] [58495] Resolved module firebase-admin {\"declared\":true,\"installed\":true,\"version\":\"12.7.0\",\"resolution\":\"/Users/ss/Documents/GitHub/car2drvr/backend/functions/node_modules/firebase-admin/lib/index.js\"}"}}
[debug] [2025-01-19T06:41:28.749Z] [runtime-status] [58495] Resolved module firebase-functions {"declared":true,"installed":true,"version":"6.2.0","resolution":"/Users/ss/Documents/GitHub/car2drvr/backend/functions/node_modules/firebase-functions/lib/v2/index.js"} {"metadata":{"emulator":{"name":"functions"},"function":{"name":"us-central1-api"},"extension":{},"message":"[runtime-status] [58495] Resolved module firebase-functions {\"declared\":true,\"installed\":true,\"version\":\"6.2.0\",\"resolution\":\"/Users/ss/Documents/GitHub/car2drvr/backend/functions/node_modules/firebase-functions/lib/v2/index.js\"}"}}
[debug] [2025-01-19T06:41:28.749Z] [runtime-status] [58495] Outgoing network have been stubbed. [{"name":"http","status":"mocked"},{"name":"http","status":"mocked"},{"name":"https","status":"mocked"},{"name":"https","status":"mocked"},{"name":"net","status":"mocked"}] {"metadata":{"emulator":{"name":"functions"},"function":{"name":"us-central1-api"},"extension":{},"message":"[runtime-status] [58495] Outgoing network have been stubbed. [{\"name\":\"http\",\"status\":\"mocked\"},{\"name\":\"http\",\"status\":\"mocked\"},{\"name\":\"https\",\"status\":\"mocked\"},{\"name\":\"https\",\"status\":\"mocked\"},{\"name\":\"net\",\"status\":\"mocked\"}]"}}
[debug] [2025-01-19T06:41:28.749Z] [runtime-status] [58495] Resolved module firebase-functions {"declared":true,"installed":true,"version":"6.2.0","resolution":"/Users/ss/Documents/GitHub/car2drvr/backend/functions/node_modules/firebase-functions/lib/v2/index.js"} {"metadata":{"emulator":{"name":"functions"},"function":{"name":"us-central1-api"},"extension":{},"message":"[runtime-status] [58495] Resolved module firebase-functions {\"declared\":true,\"installed\":true,\"version\":\"6.2.0\",\"resolution\":\"/Users/ss/Documents/GitHub/car2drvr/backend/functions/node_modules/firebase-functions/lib/v2/index.js\"}"}}
[debug] [2025-01-19T06:41:28.934Z] [runtime-status] [58495] Checked functions.config() {"config":{}} {"metadata":{"emulator":{"name":"functions"},"function":{"name":"us-central1-api"},"extension":{},"message":"[runtime-status] [58495] Checked functions.config() {\"config\":{}}"}}
[debug] [2025-01-19T06:41:28.934Z] [runtime-status] [58495] firebase-functions has been stubbed. {"functionsResolution":{"declared":true,"installed":true,"version":"6.2.0","resolution":"/Users/ss/Documents/GitHub/car2drvr/backend/functions/node_modules/firebase-functions/lib/v2/index.js"}} {"metadata":{"emulator":{"name":"functions"},"function":{"name":"us-central1-api"},"extension":{},"message":"[runtime-status] [58495] firebase-functions has been stubbed. {\"functionsResolution\":{\"declared\":true,\"installed\":true,\"version\":\"6.2.0\",\"resolution\":\"/Users/ss/Documents/GitHub/car2drvr/backend/functions/node_modules/firebase-functions/lib/v2/index.js\"}}"}}
[debug] [2025-01-19T06:41:28.935Z] [runtime-status] [58495] Resolved module firebase-functions {"declared":true,"installed":true,"version":"6.2.0","resolution":"/Users/ss/Documents/GitHub/car2drvr/backend/functions/node_modules/firebase-functions/lib/v2/index.js"} {"metadata":{"emulator":{"name":"functions"},"function":{"name":"us-central1-api"},"extension":{},"message":"[runtime-status] [58495] Resolved module firebase-functions {\"declared\":true,\"installed\":true,\"version\":\"6.2.0\",\"resolution\":\"/Users/ss/Documents/GitHub/car2drvr/backend/functions/node_modules/firebase-functions/lib/v2/index.js\"}"}}
[debug] [2025-01-19T06:41:28.937Z] [runtime-status] [58495] Resolved module firebase-admin {"declared":true,"installed":true,"version":"12.7.0","resolution":"/Users/ss/Documents/GitHub/car2drvr/backend/functions/node_modules/firebase-admin/lib/index.js"} {"metadata":{"emulator":{"name":"functions"},"function":{"name":"us-central1-api"},"extension":{},"message":"[runtime-status] [58495] Resolved module firebase-admin {\"declared\":true,\"installed\":true,\"version\":\"12.7.0\",\"resolution\":\"/Users/ss/Documents/GitHub/car2drvr/backend/functions/node_modules/firebase-admin/lib/index.js\"}"}}
[debug] [2025-01-19T06:41:28.938Z] [runtime-status] [58495] Resolved module firebase-functions {"declared":true,"installed":true,"version":"6.2.0","resolution":"/Users/ss/Documents/GitHub/car2drvr/backend/functions/node_modules/firebase-functions/lib/v2/index.js"} {"metadata":{"emulator":{"name":"functions"},"function":{"name":"us-central1-api"},"extension":{},"message":"[runtime-status] [58495] Resolved module firebase-functions {\"declared\":true,\"installed\":true,\"version\":\"6.2.0\",\"resolution\":\"/Users/ss/Documents/GitHub/car2drvr/backend/functions/node_modules/firebase-functions/lib/v2/index.js\"}"}}
[debug] [2025-01-19T06:41:28.938Z] [runtime-status] [58495] firebase-admin has been stubbed. {"adminResolution":{"declared":true,"installed":true,"version":"12.7.0","resolution":"/Users/ss/Documents/GitHub/car2drvr/backend/functions/node_modules/firebase-admin/lib/index.js"}} {"metadata":{"emulator":{"name":"functions"},"function":{"name":"us-central1-api"},"extension":{},"message":"[runtime-status] [58495] firebase-admin has been stubbed. {\"adminResolution\":{\"declared\":true,\"installed\":true,\"version\":\"12.7.0\",\"resolution\":\"/Users/ss/Documents/GitHub/car2drvr/backend/functions/node_modules/firebase-admin/lib/index.js\"}}"}}
[debug] [2025-01-19T06:41:29.028Z] [runtime-status] [58495] Functions runtime initialized. {"cwd":"/Users/ss/Documents/GitHub/car2drvr/backend/functions","node_version":"20.17.0"} {"metadata":{"emulator":{"name":"functions"},"function":{"name":"us-central1-api"},"extension":{},"message":"[runtime-status] [58495] Functions runtime initialized. {\"cwd\":\"/Users/ss/Documents/GitHub/car2drvr/backend/functions\",\"node_version\":\"20.17.0\"}"}}
[debug] [2025-01-19T06:41:29.028Z] [runtime-status] [58495] Listening to port: /tmp/fire_emu_083f99794fc3fed2.sock {"metadata":{"emulator":{"name":"functions"},"function":{"name":"us-central1-api"},"extension":{},"message":"[runtime-status] [58495] Listening to port: /tmp/fire_emu_083f99794fc3fed2.sock"}}
[debug] [2025-01-19T06:41:29.123Z] [worker-us-central1-api-f2ca4897-2b4f-4483-aacb-db69cfd97299]: IDLE {"metadata":{"emulator":{"name":"functions"},"function":{"name":"us-central1-api"},"extension":{},"message":"[worker-us-central1-api-f2ca4897-2b4f-4483-aacb-db69cfd97299]: IDLE"}}
[debug] [2025-01-19T06:41:29.123Z] [worker-pool] submitRequest(triggerId=us-central1-api) {"metadata":{"emulator":{"name":"functions"},"message":"[worker-pool] submitRequest(triggerId=us-central1-api)"}}
[info] i  functions: Beginning execution of "us-central1-api" {"metadata":{"emulator":{"name":"functions"},"function":{"name":"us-central1-api"},"extension":{},"message":"Beginning execution of \"us-central1-api\""}}
[debug] [2025-01-19T06:41:29.123Z] [worker-us-central1-api-f2ca4897-2b4f-4483-aacb-db69cfd97299]: BUSY {"metadata":{"emulator":{"name":"functions"},"function":{"name":"us-central1-api"},"extension":{},"message":"[worker-us-central1-api-f2ca4897-2b4f-4483-aacb-db69cfd97299]: BUSY"}}
[debug] [2025-01-19T06:41:29.126Z] Finishing up request with event=pause {"metadata":{"emulator":{"name":"functions"},"function":{"name":"us-central1-api"},"extension":{},"message":"Finishing up request with event=pause"}}
[info] i  functions: Finished "us-central1-api" in 2.600875ms {"metadata":{"emulator":{"name":"functions"},"function":{"name":"us-central1-api"},"extension":{},"message":"Finished \"us-central1-api\" in 2.600875ms"}}
[debug] [2025-01-19T06:41:29.126Z] [worker-us-central1-api-f2ca4897-2b4f-4483-aacb-db69cfd97299]: IDLE {"metadata":{"emulator":{"name":"functions"},"function":{"name":"us-central1-api"},"extension":{},"message":"[worker-us-central1-api-f2ca4897-2b4f-4483-aacb-db69cfd97299]: IDLE"}}
[debug] [2025-01-19T06:41:29.126Z] Finishing up request with event=finish {"metadata":{"emulator":{"name":"functions"},"function":{"name":"us-central1-api"},"extension":{},"message":"Finishing up request with event=finish"}}
[debug] [2025-01-19T06:41:29.126Z] Finishing up request with event=close {"metadata":{"emulator":{"name":"functions"},"function":{"name":"us-central1-api"},"extension":{},"message":"Finishing up request with event=close"}}
[debug] [2025-01-19T06:41:29.126Z] [work-queue] {"queuedWork":[],"queueLength":0,"runningWork":[],"workRunningCount":0}
[debug] [2025-01-19T06:41:29.128Z] [work-queue] {"queuedWork":["/car2drvr-finhacks/us-central1/api/get_image-2025-01-19T06:41:29.128Z"],"queueLength":1,"runningWork":[],"workRunningCount":0}
[debug] [2025-01-19T06:41:29.128Z] [work-queue] {"queuedWork":[],"queueLength":0,"runningWork":["/car2drvr-finhacks/us-central1/api/get_image-2025-01-19T06:41:29.128Z"],"workRunningCount":1}
[debug] [2025-01-19T06:41:29.128Z] Accepted request POST /car2drvr-finhacks/us-central1/api/get_image --> us-central1-api
[debug] [2025-01-19T06:41:29.129Z] [functions] Runtime ready! Sending request! {"metadata":{"emulator":{"name":"functions"},"message":"[functions] Runtime ready! Sending request!"}}
[debug] [2025-01-19T06:41:29.129Z] [functions] Got req.url=/car2drvr-finhacks/us-central1/api/get_image, mapping to path=/get_image {"metadata":{"emulator":{"name":"functions"},"message":"[functions] Got req.url=/car2drvr-finhacks/us-central1/api/get_image, mapping to path=/get_image"}}
[debug] [2025-01-19T06:41:29.129Z] [worker-pool] submitRequest(triggerId=us-central1-api) {"metadata":{"emulator":{"name":"functions"},"message":"[worker-pool] submitRequest(triggerId=us-central1-api)"}}
[info] i  functions: Beginning execution of "us-central1-api" {"metadata":{"emulator":{"name":"functions"},"function":{"name":"us-central1-api"},"extension":{},"message":"Beginning execution of \"us-central1-api\""}}
[debug] [2025-01-19T06:41:29.129Z] [worker-us-central1-api-f2ca4897-2b4f-4483-aacb-db69cfd97299]: BUSY {"metadata":{"emulator":{"name":"functions"},"function":{"name":"us-central1-api"},"extension":{},"message":"[worker-us-central1-api-f2ca4897-2b4f-4483-aacb-db69cfd97299]: BUSY"}}
[debug] [2025-01-19T06:41:30.249Z] Finishing up request with event=pause {"metadata":{"emulator":{"name":"functions"},"function":{"name":"us-central1-api"},"extension":{},"message":"Finishing up request with event=pause"}}
[info] i  functions: Finished "us-central1-api" in 1120.323917ms {"metadata":{"emulator":{"name":"functions"},"function":{"name":"us-central1-api"},"extension":{},"message":"Finished \"us-central1-api\" in 1120.323917ms"}}
[debug] [2025-01-19T06:41:30.249Z] [worker-us-central1-api-f2ca4897-2b4f-4483-aacb-db69cfd97299]: IDLE {"metadata":{"emulator":{"name":"functions"},"function":{"name":"us-central1-api"},"extension":{},"message":"[worker-us-central1-api-f2ca4897-2b4f-4483-aacb-db69cfd97299]: IDLE"}}
[debug] [2025-01-19T06:41:30.249Z] Finishing up request with event=finish {"metadata":{"emulator":{"name":"functions"},"function":{"name":"us-central1-api"},"extension":{},"message":"Finishing up request with event=finish"}}
[debug] [2025-01-19T06:41:30.250Z] Finishing up request with event=close {"metadata":{"emulator":{"name":"functions"},"function":{"name":"us-central1-api"},"extension":{},"message":"Finishing up request with event=close"}}
[debug] [2025-01-19T06:41:30.250Z] [work-queue] {"queuedWork":[],"queueLength":0,"runningWork":[],"workRunningCount":0}
[debug] [2025-01-19T06:42:15.960Z] [work-queue] {"queuedWork":["/car2drvr-finhacks/us-central1/api/get_image-2025-01-19T06:42:15.960Z"],"queueLength":1,"runningWork":[],"workRunningCount":0}
[debug] [2025-01-19T06:42:15.963Z] [work-queue] {"queuedWork":[],"queueLength":0,"runningWork":["/car2drvr-finhacks/us-central1/api/get_image-2025-01-19T06:42:15.960Z"],"workRunningCount":1}
[debug] [2025-01-19T06:42:15.963Z] Accepted request OPTIONS /car2drvr-finhacks/us-central1/api/get_image --> us-central1-api
[debug] [2025-01-19T06:42:15.974Z] [functions] Runtime ready! Sending request! {"metadata":{"emulator":{"name":"functions"},"message":"[functions] Runtime ready! Sending request!"}}
[debug] [2025-01-19T06:42:15.975Z] [functions] Got req.url=/car2drvr-finhacks/us-central1/api/get_image, mapping to path=/get_image {"metadata":{"emulator":{"name":"functions"},"message":"[functions] Got req.url=/car2drvr-finhacks/us-central1/api/get_image, mapping to path=/get_image"}}
[debug] [2025-01-19T06:42:15.975Z] [worker-pool] submitRequest(triggerId=us-central1-api) {"metadata":{"emulator":{"name":"functions"},"message":"[worker-pool] submitRequest(triggerId=us-central1-api)"}}
[info] i  functions: Beginning execution of "us-central1-api" {"metadata":{"emulator":{"name":"functions"},"function":{"name":"us-central1-api"},"extension":{},"message":"Beginning execution of \"us-central1-api\""}}
[debug] [2025-01-19T06:42:15.975Z] [worker-us-central1-api-f2ca4897-2b4f-4483-aacb-db69cfd97299]: BUSY {"metadata":{"emulator":{"name":"functions"},"function":{"name":"us-central1-api"},"extension":{},"message":"[worker-us-central1-api-f2ca4897-2b4f-4483-aacb-db69cfd97299]: BUSY"}}
[debug] [2025-01-19T06:42:15.982Z] Finishing up request with event=pause {"metadata":{"emulator":{"name":"functions"},"function":{"name":"us-central1-api"},"extension":{},"message":"Finishing up request with event=pause"}}
[info] i  functions: Finished "us-central1-api" in 7.594125ms {"metadata":{"emulator":{"name":"functions"},"function":{"name":"us-central1-api"},"extension":{},"message":"Finished \"us-central1-api\" in 7.594125ms"}}
[debug] [2025-01-19T06:42:15.984Z] [worker-us-central1-api-f2ca4897-2b4f-4483-aacb-db69cfd97299]: IDLE {"metadata":{"emulator":{"name":"functions"},"function":{"name":"us-central1-api"},"extension":{},"message":"[worker-us-central1-api-f2ca4897-2b4f-4483-aacb-db69cfd97299]: IDLE"}}
[debug] [2025-01-19T06:42:15.984Z] Finishing up request with event=finish {"metadata":{"emulator":{"name":"functions"},"function":{"name":"us-central1-api"},"extension":{},"message":"Finishing up request with event=finish"}}
[debug] [2025-01-19T06:42:15.984Z] Finishing up request with event=close {"metadata":{"emulator":{"name":"functions"},"function":{"name":"us-central1-api"},"extension":{},"message":"Finishing up request with event=close"}}
[debug] [2025-01-19T06:42:15.984Z] [work-queue] {"queuedWork":[],"queueLength":0,"runningWork":[],"workRunningCount":0}
[debug] [2025-01-19T06:42:15.986Z] [work-queue] {"queuedWork":["/car2drvr-finhacks/us-central1/api/get_image-2025-01-19T06:42:15.985Z"],"queueLength":1,"runningWork":[],"workRunningCount":0}
[debug] [2025-01-19T06:42:15.986Z] [work-queue] {"queuedWork":[],"queueLength":0,"runningWork":["/car2drvr-finhacks/us-central1/api/get_image-2025-01-19T06:42:15.985Z"],"workRunningCount":1}
[debug] [2025-01-19T06:42:15.986Z] Accepted request POST /car2drvr-finhacks/us-central1/api/get_image --> us-central1-api
[debug] [2025-01-19T06:42:15.992Z] [functions] Runtime ready! Sending request! {"metadata":{"emulator":{"name":"functions"},"message":"[functions] Runtime ready! Sending request!"}}
[debug] [2025-01-19T06:42:15.992Z] [functions] Got req.url=/car2drvr-finhacks/us-central1/api/get_image, mapping to path=/get_image {"metadata":{"emulator":{"name":"functions"},"message":"[functions] Got req.url=/car2drvr-finhacks/us-central1/api/get_image, mapping to path=/get_image"}}
[debug] [2025-01-19T06:42:15.992Z] [worker-pool] submitRequest(triggerId=us-central1-api) {"metadata":{"emulator":{"name":"functions"},"message":"[worker-pool] submitRequest(triggerId=us-central1-api)"}}
[info] i  functions: Beginning execution of "us-central1-api" {"metadata":{"emulator":{"name":"functions"},"function":{"name":"us-central1-api"},"extension":{},"message":"Beginning execution of \"us-central1-api\""}}
[debug] [2025-01-19T06:42:15.993Z] [worker-us-central1-api-f2ca4897-2b4f-4483-aacb-db69cfd97299]: BUSY {"metadata":{"emulator":{"name":"functions"},"function":{"name":"us-central1-api"},"extension":{},"message":"[worker-us-central1-api-f2ca4897-2b4f-4483-aacb-db69cfd97299]: BUSY"}}
[debug] [2025-01-19T06:42:16.886Z] Finishing up request with event=pause {"metadata":{"emulator":{"name":"functions"},"function":{"name":"us-central1-api"},"extension":{},"message":"Finishing up request with event=pause"}}
[info] i  functions: Finished "us-central1-api" in 893.172542ms {"metadata":{"emulator":{"name":"functions"},"function":{"name":"us-central1-api"},"extension":{},"message":"Finished \"us-central1-api\" in 893.172542ms"}}
[debug] [2025-01-19T06:42:16.886Z] [worker-us-central1-api-f2ca4897-2b4f-4483-aacb-db69cfd97299]: IDLE {"metadata":{"emulator":{"name":"functions"},"function":{"name":"us-central1-api"},"extension":{},"message":"[worker-us-central1-api-f2ca4897-2b4f-4483-aacb-db69cfd97299]: IDLE"}}
[debug] [2025-01-19T06:42:16.886Z] Finishing up request with event=finish {"metadata":{"emulator":{"name":"functions"},"function":{"name":"us-central1-api"},"extension":{},"message":"Finishing up request with event=finish"}}
[debug] [2025-01-19T06:42:16.887Z] Finishing up request with event=close {"metadata":{"emulator":{"name":"functions"},"function":{"name":"us-central1-api"},"extension":{},"message":"Finishing up request with event=close"}}
[debug] [2025-01-19T06:42:16.887Z] [work-queue] {"queuedWork":[],"queueLength":0,"runningWork":[],"workRunningCount":0}
[debug] [2025-01-19T06:42:36.462Z] [work-queue] {"queuedWork":["/car2drvr-finhacks/us-central1/api/get_image-2025-01-19T06:42:36.462Z"],"queueLength":1,"runningWork":[],"workRunningCount":0}
[debug] [2025-01-19T06:42:36.462Z] [work-queue] {"queuedWork":[],"queueLength":0,"runningWork":["/car2drvr-finhacks/us-central1/api/get_image-2025-01-19T06:42:36.462Z"],"workRunningCount":1}
[debug] [2025-01-19T06:42:36.463Z] Accepted request OPTIONS /car2drvr-finhacks/us-central1/api/get_image --> us-central1-api
[debug] [2025-01-19T06:42:36.470Z] [functions] Runtime ready! Sending request! {"metadata":{"emulator":{"name":"functions"},"message":"[functions] Runtime ready! Sending request!"}}
[debug] [2025-01-19T06:42:36.471Z] [functions] Got req.url=/car2drvr-finhacks/us-central1/api/get_image, mapping to path=/get_image {"metadata":{"emulator":{"name":"functions"},"message":"[functions] Got req.url=/car2drvr-finhacks/us-central1/api/get_image, mapping to path=/get_image"}}
[debug] [2025-01-19T06:42:36.471Z] [worker-pool] submitRequest(triggerId=us-central1-api) {"metadata":{"emulator":{"name":"functions"},"message":"[worker-pool] submitRequest(triggerId=us-central1-api)"}}
[info] i  functions: Beginning execution of "us-central1-api" {"metadata":{"emulator":{"name":"functions"},"function":{"name":"us-central1-api"},"extension":{},"message":"Beginning execution of \"us-central1-api\""}}
[debug] [2025-01-19T06:42:36.472Z] [worker-us-central1-api-f2ca4897-2b4f-4483-aacb-db69cfd97299]: BUSY {"metadata":{"emulator":{"name":"functions"},"function":{"name":"us-central1-api"},"extension":{},"message":"[worker-us-central1-api-f2ca4897-2b4f-4483-aacb-db69cfd97299]: BUSY"}}
[debug] [2025-01-19T06:42:36.477Z] Finishing up request with event=pause {"metadata":{"emulator":{"name":"functions"},"function":{"name":"us-central1-api"},"extension":{},"message":"Finishing up request with event=pause"}}
[info] i  functions: Finished "us-central1-api" in 6.191291ms {"metadata":{"emulator":{"name":"functions"},"function":{"name":"us-central1-api"},"extension":{},"message":"Finished \"us-central1-api\" in 6.191291ms"}}
[debug] [2025-01-19T06:42:36.479Z] [worker-us-central1-api-f2ca4897-2b4f-4483-aacb-db69cfd97299]: IDLE {"metadata":{"emulator":{"name":"functions"},"function":{"name":"us-central1-api"},"extension":{},"message":"[worker-us-central1-api-f2ca4897-2b4f-4483-aacb-db69cfd97299]: IDLE"}}
[debug] [2025-01-19T06:42:36.479Z] Finishing up request with event=finish {"metadata":{"emulator":{"name":"functions"},"function":{"name":"us-central1-api"},"extension":{},"message":"Finishing up request with event=finish"}}
[debug] [2025-01-19T06:42:36.479Z] Finishing up request with event=close {"metadata":{"emulator":{"name":"functions"},"function":{"name":"us-central1-api"},"extension":{},"message":"Finishing up request with event=close"}}
[debug] [2025-01-19T06:42:36.479Z] [work-queue] {"queuedWork":[],"queueLength":0,"runningWork":[],"workRunningCount":0}
[debug] [2025-01-19T06:42:36.480Z] [work-queue] {"queuedWork":["/car2drvr-finhacks/us-central1/api/get_image-2025-01-19T06:42:36.480Z"],"queueLength":1,"runningWork":[],"workRunningCount":0}
[debug] [2025-01-19T06:42:36.480Z] [work-queue] {"queuedWork":[],"queueLength":0,"runningWork":["/car2drvr-finhacks/us-central1/api/get_image-2025-01-19T06:42:36.480Z"],"workRunningCount":1}
[debug] [2025-01-19T06:42:36.480Z] Accepted request POST /car2drvr-finhacks/us-central1/api/get_image --> us-central1-api
[debug] [2025-01-19T06:42:36.482Z] [functions] Runtime ready! Sending request! {"metadata":{"emulator":{"name":"functions"},"message":"[functions] Runtime ready! Sending request!"}}
[debug] [2025-01-19T06:42:36.482Z] [functions] Got req.url=/car2drvr-finhacks/us-central1/api/get_image, mapping to path=/get_image {"metadata":{"emulator":{"name":"functions"},"message":"[functions] Got req.url=/car2drvr-finhacks/us-central1/api/get_image, mapping to path=/get_image"}}
[debug] [2025-01-19T06:42:36.482Z] [worker-pool] submitRequest(triggerId=us-central1-api) {"metadata":{"emulator":{"name":"functions"},"message":"[worker-pool] submitRequest(triggerId=us-central1-api)"}}
[info] i  functions: Beginning execution of "us-central1-api" {"metadata":{"emulator":{"name":"functions"},"function":{"name":"us-central1-api"},"extension":{},"message":"Beginning execution of \"us-central1-api\""}}
[debug] [2025-01-19T06:42:36.482Z] [worker-us-central1-api-f2ca4897-2b4f-4483-aacb-db69cfd97299]: BUSY {"metadata":{"emulator":{"name":"functions"},"function":{"name":"us-central1-api"},"extension":{},"message":"[worker-us-central1-api-f2ca4897-2b4f-4483-aacb-db69cfd97299]: BUSY"}}
[debug] [2025-01-19T06:42:37.332Z] Finishing up request with event=pause {"metadata":{"emulator":{"name":"functions"},"function":{"name":"us-central1-api"},"extension":{},"message":"Finishing up request with event=pause"}}
[info] i  functions: Finished "us-central1-api" in 850.427958ms {"metadata":{"emulator":{"name":"functions"},"function":{"name":"us-central1-api"},"extension":{},"message":"Finished \"us-central1-api\" in 850.427958ms"}}
[debug] [2025-01-19T06:42:37.333Z] [worker-us-central1-api-f2ca4897-2b4f-4483-aacb-db69cfd97299]: IDLE {"metadata":{"emulator":{"name":"functions"},"function":{"name":"us-central1-api"},"extension":{},"message":"[worker-us-central1-api-f2ca4897-2b4f-4483-aacb-db69cfd97299]: IDLE"}}
[debug] [2025-01-19T06:42:37.333Z] Finishing up request with event=finish {"metadata":{"emulator":{"name":"functions"},"function":{"name":"us-central1-api"},"extension":{},"message":"Finishing up request with event=finish"}}
[debug] [2025-01-19T06:42:37.333Z] Finishing up request with event=close {"metadata":{"emulator":{"name":"functions"},"function":{"name":"us-central1-api"},"extension":{},"message":"Finishing up request with event=close"}}
[debug] [2025-01-19T06:42:37.333Z] [work-queue] {"queuedWork":[],"queueLength":0,"runningWork":[],"workRunningCount":0}
[debug] [2025-01-19T06:43:07.006Z] [work-queue] {"queuedWork":["/car2drvr-finhacks/us-central1/api/get_image-2025-01-19T06:43:07.006Z"],"queueLength":1,"runningWork":[],"workRunningCount":0}
[debug] [2025-01-19T06:43:07.007Z] [work-queue] {"queuedWork":[],"queueLength":0,"runningWork":["/car2drvr-finhacks/us-central1/api/get_image-2025-01-19T06:43:07.006Z"],"workRunningCount":1}
[debug] [2025-01-19T06:43:07.007Z] Accepted request OPTIONS /car2drvr-finhacks/us-central1/api/get_image --> us-central1-api
[debug] [2025-01-19T06:43:07.011Z] [functions] Runtime ready! Sending request! {"metadata":{"emulator":{"name":"functions"},"message":"[functions] Runtime ready! Sending request!"}}
[debug] [2025-01-19T06:43:07.011Z] [functions] Got req.url=/car2drvr-finhacks/us-central1/api/get_image, mapping to path=/get_image {"metadata":{"emulator":{"name":"functions"},"message":"[functions] Got req.url=/car2drvr-finhacks/us-central1/api/get_image, mapping to path=/get_image"}}
[debug] [2025-01-19T06:43:07.012Z] [worker-pool] submitRequest(triggerId=us-central1-api) {"metadata":{"emulator":{"name":"functions"},"message":"[worker-pool] submitRequest(triggerId=us-central1-api)"}}
[info] i  functions: Beginning execution of "us-central1-api" {"metadata":{"emulator":{"name":"functions"},"function":{"name":"us-central1-api"},"extension":{},"message":"Beginning execution of \"us-central1-api\""}}
[debug] [2025-01-19T06:43:07.013Z] [worker-us-central1-api-f2ca4897-2b4f-4483-aacb-db69cfd97299]: BUSY {"metadata":{"emulator":{"name":"functions"},"function":{"name":"us-central1-api"},"extension":{},"message":"[worker-us-central1-api-f2ca4897-2b4f-4483-aacb-db69cfd97299]: BUSY"}}
[debug] [2025-01-19T06:43:07.018Z] Finishing up request with event=pause {"metadata":{"emulator":{"name":"functions"},"function":{"name":"us-central1-api"},"extension":{},"message":"Finishing up request with event=pause"}}
[info] i  functions: Finished "us-central1-api" in 4.947084ms {"metadata":{"emulator":{"name":"functions"},"function":{"name":"us-central1-api"},"extension":{},"message":"Finished \"us-central1-api\" in 4.947084ms"}}
[debug] [2025-01-19T06:43:07.019Z] [worker-us-central1-api-f2ca4897-2b4f-4483-aacb-db69cfd97299]: IDLE {"metadata":{"emulator":{"name":"functions"},"function":{"name":"us-central1-api"},"extension":{},"message":"[worker-us-central1-api-f2ca4897-2b4f-4483-aacb-db69cfd97299]: IDLE"}}
[debug] [2025-01-19T06:43:07.019Z] Finishing up request with event=finish {"metadata":{"emulator":{"name":"functions"},"function":{"name":"us-central1-api"},"extension":{},"message":"Finishing up request with event=finish"}}
[debug] [2025-01-19T06:43:07.019Z] Finishing up request with event=close {"metadata":{"emulator":{"name":"functions"},"function":{"name":"us-central1-api"},"extension":{},"message":"Finishing up request with event=close"}}
[debug] [2025-01-19T06:43:07.019Z] [work-queue] {"queuedWork":[],"queueLength":0,"runningWork":[],"workRunningCount":0}
[debug] [2025-01-19T06:43:07.021Z] [work-queue] {"queuedWork":["/car2drvr-finhacks/us-central1/api/get_image-2025-01-19T06:43:07.021Z"],"queueLength":1,"runningWork":[],"workRunningCount":0}
[debug] [2025-01-19T06:43:07.021Z] [work-queue] {"queuedWork":[],"queueLength":0,"runningWork":["/car2drvr-finhacks/us-central1/api/get_image-2025-01-19T06:43:07.021Z"],"workRunningCount":1}
[debug] [2025-01-19T06:43:07.022Z] Accepted request POST /car2drvr-finhacks/us-central1/api/get_image --> us-central1-api
[debug] [2025-01-19T06:43:07.025Z] [functions] Runtime ready! Sending request! {"metadata":{"emulator":{"name":"functions"},"message":"[functions] Runtime ready! Sending request!"}}
[debug] [2025-01-19T06:43:07.025Z] [functions] Got req.url=/car2drvr-finhacks/us-central1/api/get_image, mapping to path=/get_image {"metadata":{"emulator":{"name":"functions"},"message":"[functions] Got req.url=/car2drvr-finhacks/us-central1/api/get_image, mapping to path=/get_image"}}
[debug] [2025-01-19T06:43:07.025Z] [worker-pool] submitRequest(triggerId=us-central1-api) {"metadata":{"emulator":{"name":"functions"},"message":"[worker-pool] submitRequest(triggerId=us-central1-api)"}}
[info] i  functions: Beginning execution of "us-central1-api" {"metadata":{"emulator":{"name":"functions"},"function":{"name":"us-central1-api"},"extension":{},"message":"Beginning execution of \"us-central1-api\""}}
[debug] [2025-01-19T06:43:07.026Z] [worker-us-central1-api-f2ca4897-2b4f-4483-aacb-db69cfd97299]: BUSY {"metadata":{"emulator":{"name":"functions"},"function":{"name":"us-central1-api"},"extension":{},"message":"[worker-us-central1-api-f2ca4897-2b4f-4483-aacb-db69cfd97299]: BUSY"}}
[debug] [2025-01-19T06:43:07.924Z] Finishing up request with event=pause {"metadata":{"emulator":{"name":"functions"},"function":{"name":"us-central1-api"},"extension":{},"message":"Finishing up request with event=pause"}}
[info] i  functions: Finished "us-central1-api" in 900.301917ms {"metadata":{"emulator":{"name":"functions"},"function":{"name":"us-central1-api"},"extension":{},"message":"Finished \"us-central1-api\" in 900.301917ms"}}
[debug] [2025-01-19T06:43:07.927Z] [worker-us-central1-api-f2ca4897-2b4f-4483-aacb-db69cfd97299]: IDLE {"metadata":{"emulator":{"name":"functions"},"function":{"name":"us-central1-api"},"extension":{},"message":"[worker-us-central1-api-f2ca4897-2b4f-4483-aacb-db69cfd97299]: IDLE"}}
[debug] [2025-01-19T06:43:07.927Z] Finishing up request with event=finish {"metadata":{"emulator":{"name":"functions"},"function":{"name":"us-central1-api"},"extension":{},"message":"Finishing up request with event=finish"}}
[debug] [2025-01-19T06:43:07.927Z] Finishing up request with event=close {"metadata":{"emulator":{"name":"functions"},"function":{"name":"us-central1-api"},"extension":{},"message":"Finishing up request with event=close"}}
[debug] [2025-01-19T06:43:07.927Z] [work-queue] {"queuedWork":[],"queueLength":0,"runningWork":[],"workRunningCount":0}
[debug] [2025-01-19T06:44:20.699Z] [work-queue] {"queuedWork":["/car2drvr-finhacks/us-central1/api/get_image-2025-01-19T06:44:20.699Z"],"queueLength":1,"runningWork":[],"workRunningCount":0}
[debug] [2025-01-19T06:44:20.701Z] [work-queue] {"queuedWork":[],"queueLength":0,"runningWork":["/car2drvr-finhacks/us-central1/api/get_image-2025-01-19T06:44:20.699Z"],"workRunningCount":1}
[debug] [2025-01-19T06:44:20.701Z] Accepted request OPTIONS /car2drvr-finhacks/us-central1/api/get_image --> us-central1-api
[debug] [2025-01-19T06:44:20.706Z] [functions] Runtime ready! Sending request! {"metadata":{"emulator":{"name":"functions"},"message":"[functions] Runtime ready! Sending request!"}}
[debug] [2025-01-19T06:44:20.706Z] [functions] Got req.url=/car2drvr-finhacks/us-central1/api/get_image, mapping to path=/get_image {"metadata":{"emulator":{"name":"functions"},"message":"[functions] Got req.url=/car2drvr-finhacks/us-central1/api/get_image, mapping to path=/get_image"}}
[debug] [2025-01-19T06:44:20.707Z] [worker-pool] submitRequest(triggerId=us-central1-api) {"metadata":{"emulator":{"name":"functions"},"message":"[worker-pool] submitRequest(triggerId=us-central1-api)"}}
[info] i  functions: Beginning execution of "us-central1-api" {"metadata":{"emulator":{"name":"functions"},"function":{"name":"us-central1-api"},"extension":{},"message":"Beginning execution of \"us-central1-api\""}}
[debug] [2025-01-19T06:44:20.707Z] [worker-us-central1-api-f2ca4897-2b4f-4483-aacb-db69cfd97299]: BUSY {"metadata":{"emulator":{"name":"functions"},"function":{"name":"us-central1-api"},"extension":{},"message":"[worker-us-central1-api-f2ca4897-2b4f-4483-aacb-db69cfd97299]: BUSY"}}
[debug] [2025-01-19T06:44:20.712Z] Finishing up request with event=pause {"metadata":{"emulator":{"name":"functions"},"function":{"name":"us-central1-api"},"extension":{},"message":"Finishing up request with event=pause"}}
[info] i  functions: Finished "us-central1-api" in 5.664167ms {"metadata":{"emulator":{"name":"functions"},"function":{"name":"us-central1-api"},"extension":{},"message":"Finished \"us-central1-api\" in 5.664167ms"}}
[debug] [2025-01-19T06:44:20.713Z] [worker-us-central1-api-f2ca4897-2b4f-4483-aacb-db69cfd97299]: IDLE {"metadata":{"emulator":{"name":"functions"},"function":{"name":"us-central1-api"},"extension":{},"message":"[worker-us-central1-api-f2ca4897-2b4f-4483-aacb-db69cfd97299]: IDLE"}}
[debug] [2025-01-19T06:44:20.714Z] Finishing up request with event=finish {"metadata":{"emulator":{"name":"functions"},"function":{"name":"us-central1-api"},"extension":{},"message":"Finishing up request with event=finish"}}
[debug] [2025-01-19T06:44:20.714Z] Finishing up request with event=close {"metadata":{"emulator":{"name":"functions"},"function":{"name":"us-central1-api"},"extension":{},"message":"Finishing up request with event=close"}}
[debug] [2025-01-19T06:44:20.714Z] [work-queue] {"queuedWork":[],"queueLength":0,"runningWork":[],"workRunningCount":0}
[debug] [2025-01-19T06:44:20.716Z] [work-queue] {"queuedWork":["/car2drvr-finhacks/us-central1/api/get_image-2025-01-19T06:44:20.716Z"],"queueLength":1,"runningWork":[],"workRunningCount":0}
[debug] [2025-01-19T06:44:20.717Z] [work-queue] {"queuedWork":[],"queueLength":0,"runningWork":["/car2drvr-finhacks/us-central1/api/get_image-2025-01-19T06:44:20.716Z"],"workRunningCount":1}
[debug] [2025-01-19T06:44:20.717Z] Accepted request POST /car2drvr-finhacks/us-central1/api/get_image --> us-central1-api
[debug] [2025-01-19T06:44:20.722Z] [functions] Runtime ready! Sending request! {"metadata":{"emulator":{"name":"functions"},"message":"[functions] Runtime ready! Sending request!"}}
[debug] [2025-01-19T06:44:20.722Z] [functions] Got req.url=/car2drvr-finhacks/us-central1/api/get_image, mapping to path=/get_image {"metadata":{"emulator":{"name":"functions"},"message":"[functions] Got req.url=/car2drvr-finhacks/us-central1/api/get_image, mapping to path=/get_image"}}
[debug] [2025-01-19T06:44:20.722Z] [worker-pool] submitRequest(triggerId=us-central1-api) {"metadata":{"emulator":{"name":"functions"},"message":"[worker-pool] submitRequest(triggerId=us-central1-api)"}}
[info] i  functions: Beginning execution of "us-central1-api" {"metadata":{"emulator":{"name":"functions"},"function":{"name":"us-central1-api"},"extension":{},"message":"Beginning execution of \"us-central1-api\""}}
[debug] [2025-01-19T06:44:20.723Z] [worker-us-central1-api-f2ca4897-2b4f-4483-aacb-db69cfd97299]: BUSY {"metadata":{"emulator":{"name":"functions"},"function":{"name":"us-central1-api"},"extension":{},"message":"[worker-us-central1-api-f2ca4897-2b4f-4483-aacb-db69cfd97299]: BUSY"}}
[debug] [2025-01-19T06:44:21.900Z] Finishing up request with event=pause {"metadata":{"emulator":{"name":"functions"},"function":{"name":"us-central1-api"},"extension":{},"message":"Finishing up request with event=pause"}}
[info] i  functions: Finished "us-central1-api" in 1177.1813339999999ms {"metadata":{"emulator":{"name":"functions"},"function":{"name":"us-central1-api"},"extension":{},"message":"Finished \"us-central1-api\" in 1177.1813339999999ms"}}
[debug] [2025-01-19T06:44:21.900Z] [worker-us-central1-api-f2ca4897-2b4f-4483-aacb-db69cfd97299]: IDLE {"metadata":{"emulator":{"name":"functions"},"function":{"name":"us-central1-api"},"extension":{},"message":"[worker-us-central1-api-f2ca4897-2b4f-4483-aacb-db69cfd97299]: IDLE"}}
[debug] [2025-01-19T06:44:21.900Z] Finishing up request with event=finish {"metadata":{"emulator":{"name":"functions"},"function":{"name":"us-central1-api"},"extension":{},"message":"Finishing up request with event=finish"}}
[debug] [2025-01-19T06:44:21.901Z] Finishing up request with event=close {"metadata":{"emulator":{"name":"functions"},"function":{"name":"us-central1-api"},"extension":{},"message":"Finishing up request with event=close"}}
[debug] [2025-01-19T06:44:21.901Z] [work-queue] {"queuedWork":[],"queueLength":0,"runningWork":[],"workRunningCount":0}
